http://www.aljazeera.com/news/middleeast/2014/11/libyan-court-suspends-un-backed-parliament-201411691057750925.html
http://www.aljazeera.com/news/europe/2014/11/moscow-says-kiev-crudely-violated-ceasefire-2014116134221855924.html
http://www.aljazeera.com/news/middleeast/2014/11/icc-not-investigate-israeli-flotilla-raid-2014116124427395404.html
http://www.aljazeera.com/news/americas/2014/11/reports-obama-sent-letter-iran-khamenei-20141161801316254.html
http://www.aljazeera.com/news/middleeast/2014/11/palestinians-ask-un-stop-israel-aggression-201411683436580602.html
http://www.aljazeera.com/news/asia-pacific/2014/11/china-send-1000-medics-west-africa-2014115203625989396.html
http://www.aljazeera.com/news/asia/2014/11/pakistani-christian-couple-killed-mob-2014115154959911691.html
http://www.aljazeera.com/news/americas/2014/11/us-tries-russian-man-over-afghan-attack-2014114202658477191.html
http://www.aljazeera.com/news/americas/2014/11/fugitive-mexican-mayor-detained-police-201411412363398559.html
http://www.aljazeera.com/news/middleeast/2014/11/dozens-killed-after-boat-sinks-near-turkey-201411393222458879.html
http://www.aljazeera.com/news/asia/2014/11/pakistan-india-border-blast-2014112141227182769.html
http://www.aljazeera.com/news/middleeast/2014/11/us-calls-israel-settlement-plans-unfortunate-2014113193732621259.html
http://www.aljazeera.com/news/americas/2014/11/us-death-with-dignity-advocate-passes-away-201411343638608411.html
http://www.aljazeera.com/news/asia/2014/11/bangladesh-party-chief-hang-war-crimes-20141133489996784.html
http://www.aljazeera.com/news/middleeast/2014/11/peshmerga-deployment-no-strings-attached-201411275718217618.html
http://www.aljazeera.com/news/asia/2014/11/indians-kiss-protest-kerala-kochi-2014112134325780732.html
http://www.aljazeera.com/news/asia/2014/11/bangladesh-jamaat-death-verdict-mirquasem-albadr-201411244727909956.html
http://www.aljazeera.com/news/middleeast/2014/10/peshmerga-fighters-enter-kobane-20141031212119938950.html
http://www.aljazeera.com/news/africa/2014/10/boko-haram-says-schoolgirls-married-20141031222536853563.html
http://www.aljazeera.com/news/asia-pacific/2014/11/china-sends-spacecraft-around-moon-back-201411181117727373.html
http://www.aljazeera.com/news/americas/2014/10/virgin-galactic-plane-crashes-test-flight-2014103119028165430.html
http://www.aljazeera.com/news/middleeast/2014/10/israel-reopens-al-aqsa-with-muslim-age-limit-2014103174728607937.html
http://www.aljazeera.com/news/europe/2014/10/sweden-recognises-state-palestine-2014103084649277571.html
http://www.aljazeera.com/news/americas/2014/10/west-africans-abused-new-york-over-ebola-2014103064925857800.html
http://www.aljazeera.com/news/middleeast/2014/10/tension-jerusalem-after-shooting-rabbi-palestine-aqsa-i-2014103055714931193.html
http://www.aljazeera.com/news/middleeast/2014/04/timeline-al-aqsa-mosque-2014413111757867796.html
http://www.aljazeera.com/news/middleeast/2014/10/egypt-clear-residents-from-gaza-border-2014102941345405677.html
http://www.aljazeera.com/news/africa/2014/10/tunisia-ennahda-says-secular-rivals-ahead-20141027141737474289.html
http://www.aljazeera.com/news/americas/2014/10/unmanned-nasa-rocket-explodes-launch-2014102822268423719.html
http://www.aljazeera.com/news/middleeast/2014/10/uk-doctor-deliberately-killed-syria-jail-2014102864026460213.html
http://www.aljazeera.com/news/asia/2014/10/attacks-pose-challenge-new-afghan-leader-20141028151610652998.html
http://www.aljazeera.com/news/asia-pacific/2014/10/australia-no-immigration-from-ebola-nations-2014102783935140258.html
http://www.aljazeera.com/news/asia-pacific/2014/10/korea-talks-threatened-balloon-launches-2014102781242239123.html
http://www.aljazeera.com/news/middleeast/2014/10/israel-plans-settlements-east-jerusalem-20141027101953784884.html
http://www.aljazeera.com/news/middleeast/2014/10/lebanese-army-battles-armed-groups-tripoli-20141026155645102687.html
http://www.aljazeera.com/news/middleeast/2014/10/egypt-jails-23-activists-over-protests-2014102612484591341.html
http://www.aljazeera.com/news/europe/2014/10/ukraine-votes-elect-new-parliament-2014102661619291294.html
http://www.aljazeera.com/news/asia/2014/10/uk-troops-leave-afghanistan-after-13-years-20141026145324123162.html
http://www.aljazeera.com/news/americas/2014/10/us-axe-attack-suspect-self-radicalised-2014102510122267871.html
http://www.aljazeera.com/news/middleeast/2014/10/egypt-blames-foreign-hands-sinai-attacks-20141025212950330850.html
http://www.aljazeera.com/news/americas/2014/10/google-executive-sets-new-skydiving-record-201410250449138544.html
http://www.aljazeera.com/news/middleeast/2014/10/gender-fault-line-tunisia-2014102352855464592.html
http://www.aljazeera.com/news/americas/2014/10/us-high-school-shooting-20141024183416909587.html
http://www.aljazeera.com/news/europe/2014/10/ukraine-ceasefire-donetsk-2014102313244812646.html
http://www.aljazeera.com/news/americas/2014/10/canadian-pm-pledges-tougher-laws-after-attack-20141023141454511201.html
http://www.aljazeera.com/news/americas/2014/10/blackwater-iraq-trial-2014102216751983217.html
http://www.aljazeera.com/news/southasia/2014/10/hazaras-shot-dead-attack-pakistan-bus-201410237271511440.html
http://www.aljazeera.com/news/europe/2014/10/woman-detained-uk-terrorism-charges-2014102285314995838.html
http://www.aljazeera.com/news/europe/2014/10/total-ceo-killed-moscow-airport-accident-2014102101652529700.html
http://www.aljazeera.com/news/middleeast/2014/10/rival-ideological-narratives-tunisia-2014102072016207811.html
http://www.aljazeera.com/news/asia/2014/10/sri-lanka-hold-early-presidential-poll-20141020124236190384.html
http://www.aljazeera.com/news/europe/2014/10/total-ceo-killed-moscow-airport-accident-2014102101652529700.html
http://www.aljazeera.com/news/middleeast/2014/10/un-announces-gaza-war-inquiry-20141021191433499458.html
http://www.aljazeera.com/news/asia-pacific/2014/10/ex-australian-pm-gough-whitlam-dies-20141020233017203514.html
http://www.aljazeera.com/news/middleeast/2014/10/rival-ideological-narratives-tunisia-2014102072016207811.html
http://www.aljazeera.com/news/europe/2014/10/spanish-nurse-tests-negative-ebola-2014101919936205912.html
http://www.aljazeera.com/news/asia/2014/10/sri-lanka-hold-early-presidential-poll-20141020124236190384.html
http://www.aljazeera.com/news/europe/2014/10/peace-hopes-ukraine-after-milan-meeting-2014101862256859418.html
http://www.aljazeera.com/news/americas/2014/10/us-spy-plane-lands-after-22-month-mission-2014101720017113627.html
http://www.aljazeera.com/news/asia-pacific/2014/10/abu-sayyaf-threatens-behead-german-hostage-201410171114825235.html
http://www.aljazeera.com/news/americas/2014/10/concern-over-ebola-infected-us-nurse-flight-20141015185251365735.html
http://www.aljazeera.com/news/asia-pacific/2014/10/n-korea-leader-reappears-public-view-201410141928453666.html
http://www.aljazeera.com/news/americas/2014/10/dozens-arrested-during-ferguson-protest-us-2014101464328675671.html
http://www.aljazeera.com/news/europe/2014/10/vatican-paper-pushes-embrace-homosexuals-20141013152454961272.html
http://www.aljazeera.com/news/middleeast/2014/10/jerusalem-simmering-over-judaisation-plan-2014101364013133843.html
http://www.aljazeera.com/news/americas/2014/10/us-demonstrators-condemn-ferguson-shooting-2014101212424800.html
http://www.aljazeera.com/news/middleeast/2014/10/israel-vague-about-new-diplomatic-horizon-2014101213214583379.html
http://www.aljazeera.com/news/middleeast/2014/10/bahrain-opposition-boycott-november-polls-20141011134926997790.html
http://www.aljazeera.com/news/asia/2014/10/twitter-reacts-nobel-peace-prize-win-20141010114037776393.html
http://www.aljazeera.com/news/americas/2014/10/venezuela-ordered-pay-16bn-exxon-2014101082823162695.html
http://www.aljazeera.com/news/asia/2014/10/five-afghan-men-executed-over-gang-rape-201410811941931228.html
http://www.aljazeera.com/news/middleeast/2014/10/palestinian-unity-government-meets-gaza-2014109122916902695.html
http://www.aljazeera.com/news/americas/2014/10/thousands-march-missing-mexico-students-2014109232573247.html
http://www.aljazeera.com/news/asia/2014/10/civilians-flee-amid-kashmir-border-clashes-2014108153349137875.html
http://www.aljazeera.com/news/asia-pacific/2014/10/n-korea-official-admits-use-labour-camps-20141080576899804.html
http://www.aljazeera.com/news/middleeast/2014/10/yemen-no-one-charge-20141085323969573.html
http://www.aljazeera.com/news/asia/2014/10/us-drone-strikes-taliban-camp-pakistan-2014107104353959164.html
http://www.aljazeera.com/news/americas/2014/10/us-court-paves-way-gay-marriage-expansion-20141061414409229.html
http://www.aljazeera.com/news/middleeast/2014/10/iran-munitions-factory-goes-up-flames-2014106162411434327.html
http://www.aljazeera.com/news/middleeast/2014/10/uae-says-amazed-joe-biden-syria-remarks-20141058153239733.html
http://www.aljazeera.com/news/africa/2014/10/african-union-forces-take-al-shabab-held-town-20141067859915965.html
http://www.aljazeera.com/news/middleeast/2014/10/israel-protests-over-sweden-palestine-plan-2014106133337653319.html
http://www.aljazeera.com/news/europe/2014/10/ukraine-says-12-rebels-killed-donetsk-2014104144315551537.html
http://www.aljazeera.com/news/americas/2014/10/condition-ebola-patient-us-critical-201410512317678764.html
http://www.aljazeera.com/news/europe/2014/10/first-womb-transplant-baby-born-sweden-2014104122441357396.html
http://www.aljazeera.com/news/asia-pacific/2014/10/n-korea-agrees-restart-talks-with-south-201410412297562597.html
http://www.aljazeera.com/news/africa/2014/10/trains-transported-aids-across-world-2014103174549923502.html
http://www.aljazeera.com/news/asia-pacific/2014/10/us-partly-lifts-arms-embargo-vietnam-2014103233416624.html
http://www.aljazeera.com/news/middleeast/2014/10/isil-distant-threat-israel-2014103132011368904.html
http://www.aljazeera.com/news/middleeast/2014/10/children-killed-homs-double-blasts-201410113272780724.html
http://www.aljazeera.com/news/africa/2014/10/msf-rejects-ebola-cash-asks-medics-201410210414437521.html
http://www.aljazeera.com/news/asia-pacific/2014/10/chinese-security-body-searches-10000-pigeons-201410152532719788.html
http://www.aljazeera.com/news/middleeast/2014/10/egypt-court-jails-68-pro-morsi-protesters-201410111251919982.html
http://www.aljazeera.com/news/americas/2014/09/first-ebola-case-diagnosed-us-soil-2014930211112604240.html
http://www.aljazeera.com/programmes/viewfinder/2014/09/news-from-jaffna-2014926135629688613.html
http://www.aljazeera.com/news/asia-pacific/2014/09/myanmar-confirms-controversial-rohingya-plan-2014930193550936131.html
http://www.aljazeera.com/news/europe/2014/09/german-alcoholics-offered-beer-clean-city-2014930163617414943.html
http://www.aljazeera.com/news/europe/2014/09/eu-upholds-tough-sanctions-russia-2014930133825424730.html
http://www.aljazeera.com/news/europe/2014/09/wildlife-population-falls-half-40-years-2014929231724295574.html
http://www.aljazeera.com/news/europe/2014/09/ukrainian-troops-killed-rebel-shelling-201492982724841486.html
http://www.aljazeera.com/news/europe/2014/09/deadliest-year-migrants-crossing-med-201492916854120649.html
http://www.aljazeera.com/news/middleeast/2014/09/nusra-front-warns-against-airstrikes-syria-201492995026241309.html
http://www.aljazeera.com/news/americas/2014/09/obama-says-us-underestimated-isil-20149292294266506.html
http://www.aljazeera.com/news/americas/2014/09/policeman-shot-us-city-ferguson-20149284490317877.html
http://www.aljazeera.com/news/americas/2014/09/cuba-sentences-canadian-ceo-corruption-201492852353822292.html
http://www.aljazeera.com/news/europe/2014/09/french-far-right-wins-first-senate-seats-2014928191624335325.html
http://www.aljazeera.com/news/asia-pacific/2014/09/deadly-blasts-china-xinjiang-reported-201492711830560964.html
http://www.aljazeera.com/news/middleeast/2014/09/rouhani-iran-us-relations-201492764326251762.html
http://www.aljazeera.com/news/asia-pacific/2014/09/school-children-fatally-stabbed-china-2014926143118889147.html
http://www.aljazeera.com/news/asia-pacific/2014/09/kim-jong-un-suffering-from-discomfort-201492611159278936.html
http://www.aljazeera.com/news/asia-pacific/2014/09/thailand-pm-bemoans-divisive-soap-operas-20149269242984400.html
http://www.aljazeera.com/news/asia/2014/09/report-torture-widespread-uzbekistan-2014926121833604725.html
http://www.aljazeera.com/news/europe/2014/09/rescued-migrants-refuse-leave-cyprus-ship-20149265039387499.html
http://www.aljazeera.com/news/middleeast/2014/09/hamas-fatah-reach-accord-unity-cabinet-201492514932563900.html
http://www.aljazeera.com/news/europe/2014/09/nine-terrorism-suspects-arrested-britain-201492584341999817.html
http://www.aljazeera.com/news/asia/2014/09/india-mars-orbiter-sends-first-image-201492512365447225.html
http://www.aljazeera.com/news/europe/2014/09/snowden-awarded-swedish-alternative-nobel-2014924142850973145.html
http://www.aljazeera.com/news/middleeast/2014/09/syria-kurds-kobane-201492410309256379.html
http://www.aljazeera.com/news/middleeast/2014/09/obama-vows-more-strikes-isil-syria-20149231420498126.html
http://www.aljazeera.com/news/asia-pacific/2014/09/life-sentence-prominent-uigher-activist-201492352724934893.html
http://www.aljazeera.com/news/middleeast/2014/09/un-warns-israel-against-relocating-bedouins-201492118213997830.html
http://www.aljazeera.com/news/americas/2014/09/global-rallies-urge-action-climate-change-2014921221513954203.html
http://www.aljazeera.com/news/americas/2014/09/nasa-maven-spacecraft-enters-mars-orbit-2014922132855904956.html
http://www.aljazeera.com/news/europe/2014/09/ukraine-army-rebels-pull-back-from-east-201492215206166317.html
http://www.aljazeera.com/news/middleeast/2014/09/hezbollah-checkpoint-hit-suicide-attack-201492020221924323.html
http://www.aljazeera.com/news/middleeast/2014/09/isil-captive-wife-pleads-his-release-2014920231711351576.html
http://www.aljazeera.com/news/europe/2014/09/ukraine-clashes-continue-despite-truce-2014920191938822991.html
http://www.aljazeera.com/news/middleeast/2014/09/spying-palestinians-war-crime-20149215553352273.html
http://www.aljazeera.com/news/americas/2014/09/guilty-plea-us-embassy-bombings-2014919215353239207.html
http://www.aljazeera.com/news/asia-pacific/2014/09/new-zealand-pm-wins-third-term-office-201492011325763504.html
http://www.aljazeera.com/news/europe/2014/09/russian-billionaire-placed-under-house-arrest-2014916222828710897.html
http://www.aljazeera.com/news/europe/2014/09/sweden-elections-201491418172040998.html
http://www.aljazeera.com/news/europe/2014/09/campaign-leads-scottish-polls-201491315411304313.html
http://www.aljazeera.com/news/middleeast/2014/09/us-encouraged-pledges-fight-fighters-201491414303499537.html
http://www.aljazeera.com/news/europe/2014/09/pope-says-conflicts-may-amount-third-war-2014913112457628237.html
http://www.aljazeera.com/news/middleeast/2014/09/egypt-wants-wider-anti-isil-campaign-2014913212522243779.html
http://www.aljazeera.com/news/europe/2014/09/ukraine-pm-putin-wants-restore-ussr-201491384837451604.html
http://www.aljazeera.com/news/americas/2014/09/toronto-mayor-rob-ford-leaves-election-race-20149137199526568.html
http://www.aljazeera.com/news/middleeast/2014/09/2014913102344518796.html
http://www.aljazeera.com/news/middleeast/2014/09/palestinians-gaza-icc-probe-israel-201491273525819720.html
http://www.aljazeera.com/news/europe/2014/09/eu-ukraine-russia-sanctions-201491115341750805.html
http://www.aljazeera.com/news/europe/2014/09/poll-scotland-reject-independence-201491121295485917.html
http://www.aljazeera.com/news/middleeast/2014/09/turkey-islamic-state-201491016343833184.html
http://www.aljazeera.com/news/asia-pacific/2014/09/vietnam-accuses-china-beating-fishermen-20149105321914367.html
http://www.aljazeera.com/news/asia-pacific/2014/09/philippines-enact-law-muslim-autonomy-201491042920151184.html
http://www.aljazeera.com/news/europe/2014/09/eu-delays-newly-adopted-russia-sanctions-2014995195136997.html
http://www.aljazeera.com/news/americas/2014/09/opponent-peru-illegal-logging-murdered-2014995222652634.html
http://www.aljazeera.com/news/asia-pacific/2014/09/north-korea-sets-trial-date-us-citizen-20149773059207440.html
http://www.aljazeera.com/news/americas/2014/09/obama-slammed-delaying-immigration-pledge-2014976129318489.html
http://www.aljazeera.com/news/europe/2014/09/blame-traded-over-ukraine-truce-violations-20149683336692236.html
http://www.aljazeera.com/news/europe/2014/09/mariupol-ukraine-truce-russia-201495201944866314.html
http://www.aljazeera.com/news/americas/2014/09/men-wrongly-jailed-over-ny-rape-receive-41m-20149651618477968.html
http://www.aljazeera.com/news/middleeast/2014/09/palestinian-collaborators-gaza-history-israel-201492113636242365.html
http://www.aljazeera.com/news/americas/2014/09/us-opens-ferguson-civil-rights-inquiry-20149422453226832.html
http://www.aljazeera.com/news/americas/2014/09/hundreds-held-as-us-fast-food-workers-strike-201494215236740840.html
http://www.aljazeera.com/news/europe/2014/09/key-talks-ahead-amid-hopes-ukraine-truce-20149563918412224.html
http://www.aljazeera.com/news/americas/2014/09/former-virginia-governor-guilty-corruption-20149593238947204.html
http://www.aljazeera.com/news/middleeast/2014/09/uk-human-rights-workers-go-missing-qatar-2014941644589454.html
http://www.aljazeera.com/news/middleeast/2014/09/gaza-palestinian-unity-hamas-fatah-2014938244877651.html
http://www.aljazeera.com/news/middleeast/2014/09/obama-says-beheadings-will-not-intimidate-us-201493104158626440.html
http://www.aljazeera.com/news/europe/2014/09/obama-arrives-estonia-ukraine-talks-20149345726603398.html
http://www.aljazeera.com/news/asia/2014/09/india-near-signing-french-fighter-jet-deal-20149371054482881.html
http://www.aljazeera.com/news/europe/2014/09/france-halts-warship-delivery-russia-201493212743893677.html
http://www.aljazeera.com/news/europe/2014/09/putin-mongolia-trade-201493142420136175.html
http://www.aljazeera.com/news/asia-pacific/2014/09/deadly-knife-attack-at-china-school-20149121469921172.html
http://www.aljazeera.com/news/europe/2014/09/france-bans-muslim-worker-from-nuclear-sites-20149271836172631.html
http://www.aljazeera.com/news/middleeast/2014/08/what-behind-spike-saudi-beheadings-20148247123955103.html
http://www.aljazeera.com/news/middleeast/2014/09/iran-convicts-ahmadinejad-vice-president-20149113121587150.html
http://www.aljazeera.com/news/europe/2014/08/putin-seeks-statehood-talks-east-ukraine-2014831154441912942.html
http://www.aljazeera.com/news/americas/2014/08/hundreds-demand-justice-ferguson-teen-201483111854642136.html
http://www.aljazeera.com/news/americas/2014/08/obama-under-fire-over-foreign-policy-2014831212249276580.html
http://www.aljazeera.com/news/europe/2014/08/eu-leaders-impose-extra-russia-sanctions-2014830155143641619.html
http://www.aljazeera.com/news/middleeast/2014/08/suicide-attack-kills-soldiers-near-baghdad-2014830104339195462.html
http://www.aljazeera.com/news/middleeast/2014/08/death-sentence-badie-reduced-life-20148305040329928.html
http://www.aljazeera.com/news/middleeast/2014/08/jordan-king-given-further-exclusive-powers-2014826123814316219.html
http://www.aljazeera.com/news/asia/2014/08/gunmen-target-minority-sect-pakistan-20148299211109311.html
http://www.aljazeera.com/news/americas/2014/08/google-drones-tech-giant-plans-robot-fleet-201482901723543422.html
http://www.aljazeera.com/news/americas/2014/08/colombia-grants-gay-couples-adoption-rights-201482981229879452.html
http://www.aljazeera.com/news/europe/2014/08/russia-accused-lies-over-troops-ukraine-2014828213756544454.html
http://www.aljazeera.com/news/americas/2014/08/russian-hackers-suspected-us-bank-attack-201482721433945699.html
http://www.aljazeera.com/news/europe/2014/08/erdogan-sworn-as-new-turkish-president-201482810503485706.html
http://www.aljazeera.com/news/europe/2014/08/poroshenko-russian-toops-now-ukraine-soil-2014828133957228974.html
http://www.aljazeera.com/news/americas/2014/08/blackwater-four-made-corpses-innocents-20148281732836517.html
http://www.aljazeera.com/news/americas/2014/08/us-police-shoot-suspect-tv-crew-member-201482721343207611.html
http://www.aljazeera.com/news/americas/2014/08/argentines-stage-strike-over-ailing-economy-20148281853836359.html
http://www.aljazeera.com/news/asia/2014/08/pakistan-set-decisive-day-protests-2014828640256887.html
http://www.aljazeera.com/news/asia/2014/08/pakistan-army-mediate-political-crisis-2014828222017842695.html
http://www.aljazeera.com/news/middleeast/2014/08/french-leader-calls-assad-jihadist-ally-201482891950519751.html
http://www.aljazeera.com/news/middleeast/2014/08/us-give-tunisia-60m-military-aid-2014826141910964934.html
http://www.aljazeera.com/news/asia-pacific/2014/08/china-zimbabwe-mugabe-201482517585364677.html
http://www.aljazeera.com/news/asia-pacific/2014/08/china-executes-tiananmen-square-attackers-20148244022294626.html
http://www.aljazeera.com/news/middleeast/2014/08/scores-killed-iraq-bombings-20148242359573118.html
http://www.aljazeera.com/news/asia-pacific/2014/08/us-hits-at-china-over-spy-plane-provocation-201482391728313849.html
http://www.aljazeera.com/news/americas/2014/08/bergdahl-swap-illegal-say-us-investigators-2014822182653774726.html
http://www.aljazeera.com/news/asia-pacific/2014/08/indonesia-upholds-presidential-poll-result-201482114431312552.html
http://www.aljazeera.com/news/europe/2014/08/ukraine-begins-checks-russian-aid-trucks-2014821123836341298.html
http://www.aljazeera.com/news/europe/2014/08/russian-watchdog-widens-probe-into-mcdonalds-2014821113138206979.html
http://www.aljazeera.com/news/europe/2014/08/ukraine-begins-checks-russian-aid-trucks-2014821123836341298.html
http://www.aljazeera.com/news/europe/2014/08/russian-watchdog-widens-probe-into-mcdonalds-2014821113138206979.html
http://www.aljazeera.com/news/asia/2014/08/pakistan-assembly-rejects-opposition-demands-201482181929195251.html
http://www.aljazeera.com/news/asia/2014/08/mass-protest-heads-pakistan-parliament-201481918811952893.html
http://www.aljazeera.com/news/americas/2014/08/protesters-back-streets-us-suburb-2014819222710740554.html
http://www.aljazeera.com/news/middleeast/2014/08/gaza-palestinians-children-school-displaced-201481913402621943.html
http://www.aljazeera.com/news/europe/2014/08/donetsk-shelled-as-ukraine-army-advances-2014819143117837320.html
http://www.aljazeera.com/news/europe/2014/08/saudi-prince-convoy-robbed-paris-hold-up-201481871828799682.html
http://www.aljazeera.com/news/americas/2014/08/ferguson-clashes-20148184355103508.html
http://www.aljazeera.com/news/europe/2014/08/germany-eavesdropped-kerry-clinton-201481621499537138.html
http://www.aljazeera.com/news/americas/2014/08/texas-governor-vows-fight-indictment-201481623919396353.html
http://www.aljazeera.com/news/americas/2014/08/police-name-officer-who-shot-us-teenager-201481514431711259.html
http://www.aljazeera.com/news/americas/2014/08/us-arms-israel-were-scrutinised-over-gaza-2014814225026582773.html
http://www.aljazeera.com/news/europe/2014/08/donetsk-rocked-heavy-shelling-2014814125557583243.html
http://www.aljazeera.com/news/asia-pacific/2014/08/pope-warns-s-koreans-affluence-cancer-20148153410851559.html
http://www.aljazeera.com/news/asia-pacific/2014/08/pope-calls-peace-as-n-korea-tests-rockets-201481481544871968.html
http://www.aljazeera.com/news/europe/2014/08/donetsk-under-fire-as-toll-almost-doubles-20148144473888363.html
http://www.aljazeera.com/news/middleeast/2014/08/gaza-truce-holding-despite-shaky-start-20148148165244339.html
http://www.aljazeera.com/news/middleeast/2014/08/ban-urges-meeting-nuclear-free-middle-east-201481423726636391.html
http://www.aljazeera.com/news/europe/2014/08/putin-addresses-russia-parliament-crimea-2014814112124728279.html
http://www.aljazeera.com/news/europe/2014/08/russian-aid-en-route-ukraine-201481251840138898.html
http://www.aljazeera.com/news/europe/2014/08/nationalist-fighters-killed-ukraine-201481382842666260.html
http://www.aljazeera.com/news/europe/2014/08/ukraine-vows-block-russian-aid-convoy-201481312524401740.html
http://www.aljazeera.com/news/americas/2014/08/iranian-first-woman-snare-maths-prize-201481353616612301.html
http://www.aljazeera.com/news/americas/2014/08/tributes-flow-actor-robin-williams-2014812131429321880.html
http://www.aljazeera.com/news/asia-pacific/2014/08/australia-us-sign-defence-pact-201481251124370185.html
http://www.aljazeera.com/news/asia-pacific/2014/08/201481163641158396.html
http://www.aljazeera.com/news/asia-pacific/2014/08/australian-couple-deny-deserting-sick-child-2014810193750418445.html
http://www.aljazeera.com/news/europe/2014/08/kosovo-arrests-40-over-iraq-syria-combat-201481193132475992.html
http://www.aljazeera.com/news/middleeast/2014/08/australia-pm-appalled-decapitation-photo-201481141747370999.html
http://www.aljazeera.com/news/africa/2014/08/chad-withdraws-chinese-exploration-permits-2014810124614151839.html
http://www.aljazeera.com/news/africa/2014/08/pressure-namibia-wild-game-increasing-201486172743186946.html
http://www.aljazeera.com/news/europe/2014/08/fierce-ukraine-border-battles-leave-15-dead-201488183632492499.html
http://www.aljazeera.com/news/europe/2014/08/nato-chief-heads-ukraine-as-crisis-deepens-2014873637765351.html
http://www.aljazeera.com/news/asia-pacific/2014/08/jewish-children-taunted-sydney-bus-2014875283632364.html
http://www.aljazeera.com/news/europe/2014/08/russian-hackers-stole-12-billion-passwords-20148752422349560.html
http://www.aljazeera.com/news/asia/2014/08/cambodia-jails-khmer-rouge-leaders-life-20148733159666317.html
http://www.aljazeera.com/news/middleeast/2014/08/jordan-deports-palestinians-fleeing-syria-war-20148710735703862.html
http://www.aljazeera.com/news/africa/2014/08/obama-too-early-send-ebola-drug-africa-201486233959405345.html
http://www.aljazeera.com/news/americas/2014/08/dna-test-solves-argentina-dirty-war-riddle-20148612455479359.html
http://www.aljazeera.com/news/europe/2014/08/spacecraft-catches-comet-after-10-year-chase-201486131716261724.html
http://www.aljazeera.com/news/middleeast/2014/08/saudi-being-tested-ebola-dies-jeddah-201486124612609706.html
http://www.aljazeera.com/news/asia-pacific/2014/08/canadian-couple-suspected-spying-china-201484235133511121.html
http://www.aljazeera.com/news/americas/2014/08/aid-groups-slam-us-political-program-cuba-2014852956473361.html
http://www.aljazeera.com/news/europe/2014/08/uk-cabinet-minister-quits-over-gaza-policy-20148585715309666.html
http://www.aljazeera.com/news/asia-pacific/2014/08/asylum-seekers-given-lifeboats-australia-20148452617244281.html
http://www.aljazeera.com/news/europe/2014/08/201484175239499915.html
http://www.aljazeera.com/news/asia-pacific/2014/08/australia-sends-asylum-seekers-nauru-20148283957864904.html
http://www.aljazeera.com/news/americas/2014/07/republicans-sue-obama-over-healthcare-law-201473133856953188.html
http://www.aljazeera.com/news/middleeast/2014/07/filipinos-told-leave-libya-after-beheading-201473195211455710.html
http://www.aljazeera.com/news/asia-pacific/2014/07/china-takes-landmark-gay-conversion-case-20147317537688553.html
http://www.aljazeera.com/news/americas/2014/07/argentina-set-turmoil-as-debt-talks-fail-20147312405571195.html
http://www.aljazeera.com/news/europe/2014/07/russia-ordered-pay-50bn-yukos-case-20147288315254250.html
http://www.aljazeera.com/news/americas/2014/07/mass-grave-hundreds-unearthed-bolivia-2014727124738777584.html
http://www.aljazeera.com/news/americas/2014/07/us-man-no-pain-during-two-hour-execution-20147242033011943.html
http://www.aljazeera.com/news/europe/2014/07/ukraine-pm-resigns-amid-parliamentary-turmoil-2014724145321500842.html
http://www.aljazeera.com/news/middleeast/2014/07/iraq-gets-new-president-as-violence-rages-2014724164012620121.html
http://www.aljazeera.com/news/americas/2014/07/us-nazi-suspect-dies-day-before-extradition-2014723164931622749.html
http://www.aljazeera.com/news/2014/07/un-israel-assault-gaza-may-be-war-crime-201472394058635836.html
http://www.aljazeera.com/news/europe/2014/07/turkey-arrests-policemen-spying-201472217825661219.html
http://www.aljazeera.com/news/europe/2014/07/ukraine-rebels-hold-mh17-flight-recorders-2014720185559709512.html
http://www.aljazeera.com/news/asia/2014/07/india-school-rape-accused-appear-court-201472185223989210.html
http://www.aljazeera.com/news/middleeast/2014/07/lebanon-probe-boy-beating-video-2014719215741139425.html
http://www.aljazeera.com/news/middleeast/2014/07/gaza-infrastructure-verge-collapse-20147206198849376.html
http://www.aljazeera.com/news/europe/2014/07/thousands-europe-rally-palestinians-2014719191611983924.html
http://www.aljazeera.com/news/americas/2014/07/microsoft-cut-18000-jobs-worldwide-2014717235758630636.html
http://www.aljazeera.com/news/europe/2014/07/berlusconi-cleared-underage-sex-charge-2014718123555499555.html
http://www.aljazeera.com/news/asia-pacific/2014/07/indonesia-candidate-admits-role-abductions-201471764933349773.html
http://www.aljazeera.com/news/middleeast/2014/07/israel-threatens-step-up-gaza-invasion-2014718155019285888.html
http://www.aljazeera.com/news/asia-pacific/2014/07/australia-repeals-unpopular-carbon-tax-2014717314311476.html
http://www.aljazeera.com/news/europe/2014/07/swedish-court-upholds-assange-arrest-warrant-2014716164216163664.html
http://www.aljazeera.com/news/europe/2014/07/france-suspends-plans-halal-prison-meals-2014716132046460534.html
http://www.aljazeera.com/news/middleeast/2014/07/syria-assad-sworn-third-term-201471695052973730.html
http://www.aljazeera.com/news/americas/2014/07/report-russia-reopen-spy-base-cuba-2014716102148845161.html
http://www.aljazeera.com/news/europe/2014/07/dutch-held-liable-some-srebrenica-deaths-201471685645921518.html
http://www.aljazeera.com/news/europe/2014/07/ukrainian-military-transport-plane-shot-down-201471423420802306.html
http://www.aljazeera.com/news/middleeast/2014/07/us-strikes-11bn-arms-deal-with-qatar-2014714223825417442.html
http://www.aljazeera.com/news/europe/2014/07/kiev-ukraine-airstrike-kills-civilians-donetsk-201471516122231280.html
http://www.aljazeera.com/news/middleeast/2014/07/palestinian-shot-dead-west-bank-clash-20147149529491726.html
http://www.aljazeera.com/news/europe/2014/07/russia-warns-over-deadly-ukraine-shelling-201471391428887801.html
http://www.aljazeera.com/news/middleeast/2014/07/jordan-cool-syria-rebel-training-plan-2014712151229669400.html
http://www.aljazeera.com/news/asia-pacific/2014/07/north-korea-fires-missiles-into-sea-201471315537677499.html
http://www.aljazeera.com/news/middleeast/2014/07/extension-likely-iran-nuclear-talks-201471312410497907.html
http://www.aljazeera.com/news/europe/2014/07/ukraine-says-separatists-bombarded-jets-2014712161822663330.html
http://www.aljazeera.com/news/asia-pacific/2014/07/singapore-bans-gay-penguin-book-201471210853357477.html
http://www.aljazeera.com/news/europe/2014/07/at-least-nine-killed-fresh-ukraine-attacks-20147119324747658.html
http://www.aljazeera.com/news/americas/2014/07/children-killed-shooting-at-us-home-20147106736969117.html
http://www.aljazeera.com/news/europe/2014/07/uk-public-sector-workers-stage-pay-strike-20147101873695769.html
http://www.aljazeera.com/news/americas/2014/07/brazil-world-cup-fans-burn-buses-sao-paulo-201479152340443881.html
http://www.aljazeera.com/news/asia-pacific/2014/07/japan-urges-evacuation-as-typhoon-moves-2014785953955502.html
http://www.aljazeera.com/news/middleeast/2014/07/france-differences-emerge-over-iran-talks-201478152128871595.html
http://www.aljazeera.com/news/europe/2014/07/pope-begs-forgiveness-abuse-victims-20147832342914324.html
http://www.aljazeera.com/news/asia-pacific/2014/07/australian-court-rule-asylum-seekers-20147844259336513.html
http://www.aljazeera.com/news/europe/2014/07/scientists-criticise-eu-human-brain-project-201477164826522340.html
http://www.aljazeera.com/news/africa/2014/07/kenyan-police-fire-tear-gas-at-protesters-2014779015482928.html
http://www.aljazeera.com/news/europe/2014/07/ukraine-rebels-regroup-donetsk-201476135049746981.html
http://www.aljazeera.com/news/americas/2014/07/us-motorist-films-policeman-beating-woman-201475133348844840.html
http://www.aljazeera.com/news/middleeast/2014/07/anger-boils-over-fallujah-jordan-20147575130478577.html
http://www.aljazeera.com/news/europe/2014/07/rolf-harris-jailed-nearly-six-years-201474132335579274.html
http://www.aljazeera.com/news/americas/2014/07/bolivia-congress-approves-child-labour-law-20147322484792982.html
http://www.aljazeera.com/news/asia-pacific/2014/07/china-attacks-japan-barbarous-war-past-20147462238353147.html
http://www.aljazeera.com/news/middleeast/2014/07/islamic-state-seizes-main-syria-oil-fields-20147411112027791.html
http://www.aljazeera.com/news/asia-pacific/2014/07/nz-court-clears-maori-heir-protect-assent-201474528051261.html
http://www.aljazeera.com/news/europe/2014/07/ukraine-appoints-new-defence-officials-2014732063830523.html
http://www.aljazeera.com/news/europe/2014/07/ukraine-president-vows-end-army-corruption-20147381129281468.html
http://www.aljazeera.com/news/europe/2014/07/mad-cow-disease-suspected-romanian-beef-201472155616952801.html
http://www.aljazeera.com/news/asia-pacific/2014/07/police-swoop-down-hong-kong-protesters-20147204749167476.html
http://www.aljazeera.com/news/middleeast/2014/07/iraqi-kurdistan-referendum-going-it-alone-201472123552438480.html
http://www.aljazeera.com/news/middleeast/2014/07/erdogan-nominated-turkey-presidency-2014719031345700.html
http://www.aljazeera.com/news/europe/2014/07/european-court-upholds-france-face-veil-ban-201471125415290937.html
http://www.aljazeera.com/news/middleeast/2014/06/isil-seizure-refinery-consequences-201463094652143989.html
http://www.aljazeera.com/news/asia-pacific/2014/06/north-korea-try-detained-us-tourists-201463024918716721.html
http://www.aljazeera.com/news/asia-pacific/2014/06/china-jails-113-xinjiang-terrorism-201463063741554316.html
http://www.aljazeera.com/news/asia/2014/06/taliban-hold-territory-after-afghan-offensive-2014630134849939886.html
http://www.aljazeera.com/news/europe/2014/06/russian-cameraman-killed-east-ukraine-20146305237103302.html
http://www.aljazeera.com/news/asia-pacific/2014/06/north-korea-fires-short-range-missiles-20146292522928152.html
http://www.aljazeera.com/news/africa/2014/06/deadly-attacks-nigeria-churches-2014629134243447377.html
http://www.aljazeera.com/news/europe/2014/06/ukraine-seeks-eu-help-with-putin-talks-2014629447125207.html
http://www.aljazeera.com/news/middleeast/2014/06/african-migrants-protest-israeli-treatment-2014629623866475.html
http://www.aljazeera.com/news/europe/2014/06/ukraine-extends-ceasefire-72-hours-201462721352845478.html
http://www.aljazeera.com/news/americas/2014/06/us-stop-producing-buying-landmines-2014627133413522654.html
http://www.aljazeera.com/news/asia-pacific/2014/06/hong-kong-lawyers-protest-china-meddling-201462843727520124.html
http://www.aljazeera.com/news/europe/2014/06/african-refugees-berlin-school-standoff-2014627202217110629.html
http://www.aljazeera.com/news/europe/2014/06/eu-issues-ultimatum-russia-over-ukraine-201462714857333785.html
http://www.aljazeera.com/news/europe/2014/06/nato-allies-agree-boost-military-budgets-201462515280524212.html
http://www.aljazeera.com/news/americas/2014/06/us-court-blocks-argentina-debt-payout-201462623355470465.html
http://www.aljazeera.com/news/asia-pacific/2014/06/flight-mh370-autopilot-when-it-crashed-201462693116582270.html
http://www.aljazeera.com/news/europe/2014/06/ukraine-leader-seeks-putin-action-over-crisis-20146259220892650.html
http://www.aljazeera.com/news/americas/2014/06/mexico-drug-lord-arrested-watching-world-cup-2014624213855831680.html
http://www.aljazeera.com/news/middleeast/2014/06/israel-pins-golan-attack-assad-forces-201462453927764110.html
http://www.aljazeera.com/news/middleeast/2014/06/sudan-rearrests-woman-released-from-death-row-201462413342341739.html
http://www.aljazeera.com/news/middleeast/2014/06/druze-refuse-join-israel-military-service-2014622101718885537.html
http://www.aljazeera.com/news/europe/2014/06/rebels-agree-respect-ukraine-ceasefire-201462322425823648.html
http://www.aljazeera.com/news/asia-pacific/2014/06/hong-kong-irks-china-with-democracy-vote-2014622152158236360.html
http://www.aljazeera.com/news/asia-pacific/2014/06/australia-offers-refugees-cash-return-home-20146216923812997.html
http://www.aljazeera.com/news/europe/2014/06/separatist-rebels-defy-ukraine-cease-fire-2014621145159634435.html
http://www.aljazeera.com/news/europe/2014/06/uk-wrongly-convicted-gerry-conlon-dies-2014621143019808655.html
http://www.aljazeera.com/news/europe/2014/06/uk-muslims-gather-promote-tolerance-2014621124916625946.html
http://www.aljazeera.com/news/middleeast/2014/06/saudi-king-abdullah-visits-egypt-sisi-2014620183031132590.html
http://www.aljazeera.com/news/europe/2014/06/britain-ukip-forms-european-alliance-201461905833617243.html
http://www.aljazeera.com/news/africa/2014/06/uganda-students-smuggle-pigs-into-parliament-2014619135814262144.html
http://www.aljazeera.com/news/africa/2014/06/explosion-rocks-nigeria-world-cup-viewing-2014617212639380659.html
http://www.aljazeera.com/news/middleeast/2014/06/former-turkish-president-jailed-life-201461811111718688.html
http://www.aljazeera.com/news/europe/2014/06/uk-law-banning-forced-marriage-takes-effect-2014617313326985.html
http://www.aljazeera.com/news/middleeast/2014/06/medics-killed-southern-yemen-attack-201461573415161370.html
http://www.aljazeera.com/news/asia-pacific/2014/06/china-summons-japan-official-over-jet-dispute-2014615104919869142.html
http://www.aljazeera.com/news/asia/2014/06/christian-politician-shot-dead-pakistan-2014614125421874443.html
http://www.aljazeera.com/news/americas/2014/06/obama-iraq-solve-own-problems-201461316139782530.html
http://www.aljazeera.com/news/middleeast/2014/06/us-says-sudan-increasing-attacks-civilians-201461355541541281.html
http://www.aljazeera.com/news/americas/2014/06/dearth-coffins-delay-burials-venezuela-2014613183050859694.html
http://www.aljazeera.com/news/europe/2014/06/us-kerry-calls-banishing-sexual-violence-2014613172212500413.html
http://www.aljazeera.com/news/americas/2014/06/freed-us-soldier-bergdahl-enroute-us-20146134533650885.html
http://www.aljazeera.com/news/europe/2014/06/iran-questions-july-20-nuclear-deal-deadline-201461164747323345.html
http://www.aljazeera.com/news/europe/2014/06/ukraine-orders-civilian-corridors-east-2014610131813416139.html
http://www.aljazeera.com/news/asia-pacific/2014/06/japan-slams-china-over-near-miss-jet-flyby-20146112249402824.html
http://www.aljazeera.com/news/americas/2014/06/cantor-defeated-republican-primary-upset-201461171133799772.html
http://www.aljazeera.com/news/middleeast/2014/06/isil-eminent-threat-iraq-syria-20146101543970327.html
http://www.aljazeera.com/news/americas/2014/06/student-gunman-dead-us-school-shooting-201461021523104470.html
http://www.aljazeera.com/news/europe/2014/06/war-zone-rape-summit-kicks-off-london-2014610133229371907.html
http://www.aljazeera.com/news/asia-pacific/2014/06/vietnam-vessels-ram-china-ships-1400-times-201469132238719725.html
http://www.aljazeera.com/news/asia-pacific/2014/06/vietnam-vessels-ram-china-ships-1400-times-201469132238719725.html
http://www.aljazeera.com/news/middleeast/2014/06/israel-new-president-big-shoes-fill-20146811115230648.html
http://www.aljazeera.com/news/americas/2014/06/bergdahl-family-receive-death-threats-201468133429843879.html
http://www.aljazeera.com/news/europe/2014/06/anti-monarchy-protests-persist-spain-20146722541807612.html
http://www.aljazeera.com/news/middleeast/2014/06/qatar-solar-power-future-201468121043472545.html
http://www.aljazeera.com/news/asia-pacific/2014/06/north-korea-arrests-third-us-citizen-2014664287270117.html
http://www.aljazeera.com/news/americas/2014/06/several-shot-at-seattle-university-201465225517446874.html
http://www.aljazeera.com/news/europe/2014/06/ukraine-says-15-rebels-killed-border-clash-2014667936400443.html
http://www.aljazeera.com/news/africa/2014/06/generals-found-guilty-aiding-boko-haram-20146465645506399.html
http://www.aljazeera.com/news/middleeast/2014/06/bomber-targets-renegade-libyan-general-201464103130521433.html
http://www.aljazeera.com/news/europe/2014/06/nato-bolster-defence-eastern-europe-20146414058182681.html
http://www.aljazeera.com/news/europe/2014/06/ukraine-separatists-lay-siege-luhansk-base-201462145027697800.html
http://www.aljazeera.com/news/europe/2014/06/hundreds-rebels-raid-ukrainian-guard-post-20146211255486517.html
http://www.aljazeera.com/news/africa/2014/06/gunmen-kill-several-nigeria-church-attack-201462125542410632.html
http://www.aljazeera.com/news/asia-pacific/2014/06/china-slams-us-over-hagel-critical-comments-20146171727467955.html
http://www.aljazeera.com/news/americas/2014/06/nsa-edward-snowden-facial-recognition-20146117051606649.html
http://www.aljazeera.com/news/middleeast/2014/05/turkey-israel-move-towards-normalising-ties-20145317400676553.html
http://www.aljazeera.com/news/middleeast/2014/05/israeli-police-arrest-palestinian-with-bomb-201453091830114855.html
http://www.aljazeera.com/news/middleeast/2014/05/syria-barrel-bomb-toll-nears-2000-this-year-2014530123010571291.html
http://www.aljazeera.com/news/europe/2014/05/ukraine-general-dies-as-helicopter-shot-down-201452994710852507.html
http://www.aljazeera.com/news/asia-pacific/2014/05/mh370-underwater-search-ends-without-success-201452945541939715.html
http://www.aljazeera.com/news/asia-pacific/2014/05/cadbury-malaysia-pork-dna-investigation-20145285338869260.html
http://www.aljazeera.com/news/middleeast/2014/05/seven-killed-california-drive-shooting-2014524121836668272.html
http://www.aljazeera.com/news/europe/2014/05/french-far-right-course-eu-poll-win-2014525182644193212.html
http://www.aljazeera.com/news/asia-pacific/2014/05/death-sentence-chinese-mining-tycoon-2014523122423712612.html
http://www.aljazeera.com/news/asia-pacific/2014/05/china-mobilise-all-forces-after-attack-201452363022515897.html
http://www.aljazeera.com/news/europe/2014/05/putin-says-ukraine-full-scale-civil-war-2014523105526315334.html
http://www.aljazeera.com/news/europe/2014/05/wto-upholds-eu-ban-seal-products-2014522223926104500.html
http://www.aljazeera.com/news/europe/2014/05/voting-begins-european-parliament-201452284712407859.html
http://www.aljazeera.com/news/asia-pacific/2014/05/vietnam-mulls-legal-action-against-china-201452212440354428.html
http://www.aljazeera.com/news/asia-pacific/2014/05/army-takes-control-government-thailand-20145221094345202.html
http://www.aljazeera.com/news/asia-pacific/2014/05/thailand-army-declares-martial-law-201451923236152811.html
http://www.aljazeera.com/news/africa/2014/05/chinese-facility-hit-near-boko-haram-base-20145178336743604.html
http://www.aljazeera.com/news/americas/2014/05/us-stops-force-feeding-guantanamo-inmate-20145172313714654.html
http://www.aljazeera.com/news/americas/2014/05/new-york-times-top-editor-replaced-2014514231518451190.html
http://www.aljazeera.com/news/europe/2014/05/uk-backs-stripping-citizenship-over-terrorism-201451365944689185.html
http://www.aljazeera.com/news/europe/2014/05/amnesty-torture-alive-flourishing-20145131350529649.html
http://www.aljazeera.com/news/middleeast/2014/05/us-borders-essential-middle-east-peace-2014592312828707.html
http://www.aljazeera.com/news/africa/2014/05/deadly-blasts-hit-buses-kenyan-capital-20145545823925396.html
http://www.aljazeera.com/news/americas/2014/05/obama-speaks-out-support-press-freedom-20145481636637919.html
http://www.aljazeera.com/news/europe/2014/05/ukraine-sacks-odessa-police-chief-201454104853780468.html
http://www.aljazeera.com/news/asia-pacific/2014/05/police-dismantle-internet-sex-extortion-ring-2014525463031590.html
http://www.aljazeera.com/news/americas/2014/05/toronto-mayor-new-crack-video-scandal-2014511477859150.html
http://www.aljazeera.com/news/europe/2014/04/pro-russians-tighten-grip-ukraine-town-20144309122263798.html
http://www.aljazeera.com/news/middleeast/2014/04/iraqis-go-polls-with-violence-rise-20144301561409346.html
http://www.aljazeera.com/news/asia-pacific/2014/04/north-korea-conduct-live-fire-drill-2014429141213671.html
http://www.aljazeera.com/news/middleeast/2014/04/israeli-army-demolishes-mosque-west-bank-201442920220722833.html
http://www.aljazeera.com/news/asia-pacific/2014/04/s-korea-leader-apologises-over-ferry-disaster-20144294350390862.html
http://www.aljazeera.com/news/middleeast/2014/04/turkish-pm-seeks-extradition-cleric-rival-2014429104918427571.html
http://www.aljazeera.com/news/asia/2014/04/pakistan-seminary-blast-kills-three-children-201442881134583577.html
http://www.aljazeera.com/news/asia-pacific/2014/04/search-missing-malaysia-plane-expanded-2014428547223591.html
http://www.aljazeera.com/news/americas/2014/04/us-basketball-team-protest-racist-comments-2014428774149535.html
http://www.aljazeera.com/news/europe/2014/04/thousands-prevent-far-right-march-berlin-20144275813886777.html
http://www.aljazeera.com/news/europe/2014/04/thousands-vatican-dual-canonisation-2014427293717967.html
http://www.aljazeera.com/news/americas/2014/04/anti-government-rallies-hit-venezuela-streets-2014426233836805642.html
http://www.aljazeera.com/news/europe/2014/04/russian-aircraft-violated-ukraine-airspace-2014425221330275125.html
http://www.aljazeera.com/news/americas/2014/04/brazil-ex-colonel-who-admitted-torture-killed-201442652334374680.html
http://www.aljazeera.com/news/africa/2014/04/dozens-killed-nigeria-clashes-2014425211344416299.html
http://www.aljazeera.com/news/middleeast/2014/04/new-mers-deaths-reported-saudi-arabia-201442492755839427.html
http://www.aljazeera.com/news/asia/2014/04/pakistan-jets-attack-terrorist-border-bases-201442455222596759.html
http://www.aljazeera.com/news/middleeast/2014/04/attacks-across-iraq-leave-many-dead-20144201053394672.html
http://www.aljazeera.com/news/asia-pacific/2014/04/japan-cuts-whaling-targets-after-un-ruling-201441873239567606.html
http://www.aljazeera.com/news/americas/2014/04/fatal-shooting-at-us-army-base-20144965322675290.html
http://www.aljazeera.com/news/middleeast/2014/04/israel-limits-contact-with-palestinians-2014498513506396.html
http://www.aljazeera.com/news/middleeast/2014/04/row-lebanese-palestinian-camp-turns-deadly-201447104332371303.html
http://www.aljazeera.com/news/middleeast/2014/04/bahrain-activists-urge-boycott-f1-race-201444101015146344.html
http://www.aljazeera.com/news/asia/2014/04/pakistan-musharraf-survives-bomb-attck-20144355927411829.html
http://www.aljazeera.com/news/asia-pacific/2014/03/un-court-rule-legality-japan-whaling-20143315380190868.html
http://www.aljazeera.com/news/middleeast/2014/03/deaths-attack-iraq-police-patrol-2014330122551865660.html
http://www.aljazeera.com/news/asia/2014/03/indian-surrogate-mothers-suffer-exploitation-20143276727538166.html
http://www.aljazeera.com/news/americas/2014/03/two-killed-us-naval-base-shooting-201432594934904476.html
http://www.aljazeera.com/news/middleeast/2014/03/racist-slurs-scrawled-jerusalem-arab-area-20143247576799169.html
http://www.aljazeera.com/news/americas/2014/03/nsa-hacked-chinese-telco-huawei-snowden-201432345639453828.html
http://www.aljazeera.com/news/middleeast/2014/03/us-man-arrested-way-fight-syria-2014317234348204287.html
http://www.aljazeera.com/news/asia-pacific/2014/03/search-missing-malaysian-plane-expanded-20143171183643538.html
http://www.aljazeera.com/news/americas/2014/03/panama-demands-venezuela-pay-1bn-debt-20143845545182188.html
http://www.aljazeera.com/news/asia-pacific/2014/02/g20-vows-boost-world-economy-2tn-20142237305325455.html
http://www.aljazeera.com/news/asia-pacific/2014/02/report-tells-rights-violations-n-korea-201421701053923624.html
http://www.aljazeera.com/news/americas/2014/02/venezuela-frees-protesters-as-unrest-goes-201421574245958206.html
http://www.aljazeera.com/news/middleeast/2014/02/arrests-bahrain-uprising-milestone-eve-20142141185461822.html
http://www.aljazeera.com/news/americas/2014/01/us-canada-oil-pipeline-project-clears-hurdle-201413121384213352.html
http://www.aljazeera.com/news/asia-pacific/2014/01/philippines-gains-more-us-navy-ships-20141157811844465.html
http://www.aljazeera.com/news/asia/2014/01/karzai-condemns-us-shooting-afghan-child-2014110183144865849.html
http://www.aljazeera.com/news/asia/2014/01/karachi-blast-kills-pakistani-taliban-foe-20141914127538342.html
http://www.aljazeera.com/news/middleeast/2013/12/relatives-want-justice-yemen-drone-strike-20131214111559659476.html
http://www.aljazeera.com/news/middleeast/2013/12/rouhani-swaps-turban-baseball-cap-201312714216130119.html
http://www.aljazeera.com/news/asia-pacific/2013/12/new-images-show-scale-north-korea-prisons-2013124163110127678.html
http://www.aljazeera.com/news/middleeast/2013/12/syrians-beyond-reach-humanitarian-aid-2013123233731542609.html
http://www.aljazeera.com/news/asia/2013/11/afghanistan-plan-stone-adulterers-death-20131125133453835281.html
http://www.aljazeera.com/news/asia/2013/11/deadly-attack-shia-procession-pakistan-2013111602136312926.html
http://www.aljazeera.com/news/americas/2013/11/us-destroying-six-tonnes-illegal-ivory-20131114135347122639.html
http://www.aljazeera.com/news/americas/2013/11/us-accuses-suriname-president-son-terror-201311962113553723.html
http://www.aljazeera.com/news/europe/2013/10/uk-illegal-migrant-texts-go-off-message-2013101904037182632.html
http://www.aljazeera.com/news/americas/2013/10/blackwater-faces-new-charges-iraq-killings-2013101805946849805.html
http://www.aljazeera.com/news/middleeast/2013/10/israel-freezes-shipments-gaza-over-tunnel-20131013212952228201.html
http://www.aljazeera.com/news/asia/2013/09/201391573745235297.html
http://www.aljazeera.com/news/middleeast/2013/08/201384153417243957.html
http://www.aljazeera.com/news/europe/2013/08/20138123290348855.html
http://www.aljazeera.com/news/asia/2013/07/201371653425808336.html
http://www.aljazeera.com/news/middleeast/2013/06/2013627181458885287.html
http://www.aljazeera.com/news/americas/2014/11/us-general-backs-israel-gaza-casualties-2014116223154357768.html
http://www.aljazeera.com/news/asia/2014/11/pakistani-blasphemer-killed-policeman-201411622226994806.html
http://www.aljazeera.com/news/middleeast/2014/11/clashes-reported-inside-al-aqsa-compound-20141157254779441.html
http://www.aljazeera.com/news/middleeast/2014/11/jordan-gets-netanyahu-assurance-jerusalem-2014116171428236335.html
http://www.aljazeera.com/news/middleeast/2014/11/sousse-seaside-home-jihadist-volunteers-2014115111928307861.html
http://www.aljazeera.com/news/middleeast/2014/11/toddler-caught-up-israeli-crackdown-2014114115948790943.html
http://www.aljazeera.com/news/europe/2014/11/uk-ends-libya-army-course-after-sex-attacks-2014114125618218186.html
http://www.aljazeera.com/news/middleeast/2014/10/tensions-mount-east-jerusalem-2014102253915264445.html
http://www.aljazeera.com/news/middleeast/2014/11/isil-kills-scores-iraqi-province-201411352753112457.html
http://www.aljazeera.com/news/europe/2014/11/un-climate-panel-warns-irreversible-damage-20141121248871937.html
http://www.aljazeera.com/news/americas/2014/11/canada-bars-visas-from-ebola-hit-countries-201411162157248321.html
http://www.aljazeera.com/news/middleeast/2014/11/iran-hits-back-at-criticism-over-executions-2014111111452853492.html
http://www.aljazeera.com/news/middleeast/2014/10/20141031105522101970.html
http://www.aljazeera.com/news/asia-pacific/2014/10/malaysian-boys-sue-over-mh370-disappearance-2014103145735502696.html
http://www.aljazeera.com/news/asia/2014/10/jamaat-chief-sentenced-death-bangladesh-201410296842621834.html
http://www.aljazeera.com/news/europe/2014/10/spike-russian-military-flights-reported-20141029232928258610.html
http://www.aljazeera.com/news/asia-pacific/2014/10/malaysia-court-hears-anwar-sodomy-appeal-20141028229712930.html
http://www.aljazeera.com/news/asia/2014/10/bangladeshi-leader-jailed-war-crime-dies-2014102455132569947.html
http://www.aljazeera.com/news/asia-pacific/2014/10/korea-leaflet-launch-grounded-egg-throwers-2014102561037788264.html
http://www.aljazeera.com/news/europe/2014/10/vatican-waters-down-welcome-note-gays-2014101616443862197.html
http://www.aljazeera.com/news/europe/2014/10/putin-feted-as-serbia-marks-end-nazi-rule-2014101615461932980.html
http://www.aljazeera.com/news/asia-pacific/2014/10/australia-asylum-seeker-policies-challenged-2014101455311796404.html
http://www.aljazeera.com/news/middleeast/2014/10/un-chief-slams-provocations-jerusalem-2014101310014695544.html
http://www.aljazeera.com/news/asia/2014/09/taliban-afghanistan-ajrestan-ghazni-2014926743419726.html
http://www.aljazeera.com/news/asia/2014/09/modi-al-qaeda-south-asia-plan-delusional-2014919102516379117.html
http://www.aljazeera.com/news/middleeast/2014/09/us-no-place-iran-at-islamic-state-talks-20149131350596285.html
http://www.aljazeera.com/news/asia-pacific/2014/09/china-marks-world-war-two-victory-over-japan-20149393024708406.html
http://www.aljazeera.com/news/europe/2014/08/charged-attack-george-galloway-israel-palestine-201483171442343672.html
http://www.aljazeera.com/news/europe/2014/08/germans-offers-military-aid-against-group-2014831195411992577.html
http://www.aljazeera.com/news/americas/2014/08/us-mourns-ferguson-teenager-killed-police-2014825194557606573.html
http://www.aljazeera.com/news/europe/2014/08/russian-aid-trucks-begin-leaving-ukraine-2014823833162998.html
http://www.aljazeera.com/news/americas/2014/08/basketball-turban-ban-discriminatory-201482021734313735.html
http://www.aljazeera.com/news/americas/2014/08/us-black-teen-shot-six-times-police-201481816632846728.html
http://www.aljazeera.com/news/europe/2014/08/ukraine-russia-agree-luhansk-aid-mission-2014811175531131587.html
http://www.aljazeera.com/news/americas/2014/07/cia-apologises-spying-senate-offici-2014731175929769745.html
http://www.aljazeera.com/news/americas/2014/07/last-surviving-hiroshima-bomber-dies-us-2014729235149622744.html
http://www.aljazeera.com/news/africa/2014/07/ethiopia-asks-yemen-extradite-activist-20147314290982952.html
http://www.aljazeera.com/news/africa/2014/07/eritrea-president-targeted-new-swedish-law-20147244836744984.html
http://www.aljazeera.com/news/asia-pacific/2014/06/rogen-us-north-korea-comedy-terrorism-20146257614144550.html
http://www.aljazeera.com/news/europe/2014/06/russia-ukraine-gas-talks-end-with-no-deal-201461115617581289.html
http://www.aljazeera.com/news/asia-pacific/2014/05/china-japan-trade-blame-over-plane-action-2014525123455438729.html
http://www.aljazeera.com/news/middleeast/2014/11/us-led-air-raids-target-syria-rebel-groups-2014116123052671427.html
http://www.aljazeera.com/news/europe/2014/11/ukraine-stop-cash-support-east-2014115111531337602.html
http://www.aljazeera.com/news/middleeast/2014/11/lebanon-shia-defiant-face-isil-threat-201411554736711396.html
http://www.aljazeera.com/news/americas/2014/10/castro-offers-cooperate-with-us-ebola-2014101955238413986.html
http://www.aljazeera.com/news/asia/2014/10/cyclone-hudhud-relief-efforts-2014101381922843649.html
http://www.aljazeera.com/news/europe/2014/10/inventors-blue-led-win-physics-nobel-prize-2014107101540323363.html
http://www.aljazeera.com/news/americas/2014/10/police-find-mass-grave-near-mexico-town-201410501521347719.html
http://www.aljazeera.com/news/asia-pacific/2014/10/hong-kong-protesters-mass-peace-rally-201410415640966924.html
http://www.aljazeera.com/news/asia-pacific/2014/09/taiwan-leader-rejects-china-unification-deal-201492810237314786.html
http://www.aljazeera.com/news/americas/2014/09/white-house-security-knife-man-20149212334522527.html
http://www.aljazeera.com/news/europe/2014/09/ukraine-sign-key-eu-association-deal-20149169594305138.html
http://www.aljazeera.com/news/europe/2014/08/ukrainian-refugees-killed-attack-convoy-2014818135131263824.html
http://www.aljazeera.com/news/middleeast/2014/08/al-qaeda-yemen-calls-attacks-us-201481511413460575.html
http://www.aljazeera.com/news/asia/2014/07/china-charges-uighur-rights-campaigner-20147301887342359.html
http://www.aljazeera.com/news/southasia/2014/07/children-killed-rail-accident-india-20147246014646310.html
http://www.aljazeera.com/news/europe/2014/07/ukraine-forces-breaks-rebel-airport-blockade-201471493349612951.html
http://www.aljazeera.com/news/europe/2014/07/france-targets-syria-recruits-with-new-law-20147918533849836.html
http://www.aljazeera.com/news/europe/2014/06/ukraine-ends-ceasefire-with-rebels-2014630222445677698.html
http://www.aljazeera.com/news/middleeast/2014/06/un-50-million-people-are-displaced-worldwide-20146206555195323.html
http://www.aljazeera.com/news/europe/2014/10/pope-big-bang-theory-does-not-disprove-god-2014103052310980850.html
http://www.aljazeera.com/news/middleeast/2014/08/relations-sour-between-jordan-iraq-2014831245054736.html
http://www.aljazeera.com/news/europe/2014/08/ukraine-urges-rebels-let-civilians-flee-20148551933968124.html
http://www.aljazeera.com/news/americas/2014/08/sudan-apostasy-woman-arrives-us-20148133434882272.html
http://www.aljazeera.com/news/europe/2014/07/germany-asks-top-us-spy-leave-country-2014710144857729725.html
http://www.aljazeera.com/news/europe/2014/05/security-fears-mount-over-ukraine-vote-2014517175140803622.html
http://www.aljazeera.com/news/europe/2014/05/icc-revisits-claims-british-abuses-iraq-201451462716905765.html
http://www.aljazeera.com/news/europe/2014/05/arrests-after-politician-shot-dead-spain-201451352651164633.html
http://www.aljazeera.com/news/middleeast/2014/05/multiple-car-bomb-blasts-across-baghdad-201451382816804887.html
http://www.aljazeera.com/news/asia/2014/05/aid-sent-afghanistan-landslide-site-20145411110774188.html
http://www.aljazeera.com/news/middleeast/2014/05/attacks-hit-egypt-sinai-peninsula-2014526426436213.html
http://www.aljazeera.com/news/middleeast/2014/04/complex-language-debate-morocco-201446132834738155.html
http://www.aljazeera.com/news/europe/2014/04/putin-says-internet-cia-project-201442563249711810.html
http://www.aljazeera.com/news/asia/2014/04/india-votes-second-biggest-polling-day-20144243025884208.html
http://www.aljazeera.com/news/americas/2014/04/boston-marathon-defies-attacks-one-year-201442023465506745.html
http://www.aljazeera.com/news/europe/2014/04/berlusconi-ordered-do-community-service-201441510514550842.html
http://www.aljazeera.com/news/europe/2014/04/emirati-women-attacked-with-hammer-london-2014487376695879.html
http://www.aljazeera.com/news/asia-pacific/2014/04/gunmen-abduct-two-from-malaysia-dive-resort-20144352719223578.html
http://www.aljazeera.com/news/americas/2014/03/uruguay-offers-take-guantanamo-prisoners-201432113126715197.html
http://www.aljazeera.com/news/asia-pacific/2014/02/australia-probes-detention-child-refugees-20142374556549926.html
http://www.aljazeera.com/news/middleeast/2013/12/christmas-bombers-target-christians-iraq-201312263451677794.html
http://www.aljazeera.com/news/middleeast/2013/11/ethiopian-migrant-killed-saudi-crackdown-2013116182628828345.html
http://www.aljazeera.com/news/americas/2013/07/2013750140492261.html
http://www.aljazeera.com/news/americas/2013/06/2013628205450434295.html
http://www.aljazeera.com/news/middleeast/2014/05/clashes-as-thousands-attend-istanbul-funeral-2014523235123219389.html
http://www.aljazeera.com/news/americas/2014/05/pentagon-releases-sexual-harassment-figures-2014515221038882946.html
http://www.aljazeera.com/news/africa/2014/05/france-fight-terrorism-from-ivory-coast-20145107202743729.html
http://www.aljazeera.com/news/asia/2014/04/deadly-mosque-bombing-pakistan-city-2014425103052444913.html
http://www.aljazeera.com/news/europe/2014/04/suspected-mass-grave-excavated-serbia-2014423122824445921.html
http://www.aljazeera.com/news/asia-pacific/2014/04/journalists-charged-with-defaming-thai-navy-2014417102227461904.html
http://www.aljazeera.com/news/americas/2014/04/panel-votes-declassify-cia-torture-report-201443232242994409.html
http://www.aljazeera.com/news/asia/2014/03/karachi-gang-warfare-kills-at-least-dozen-2014312751359479.html
http://www.aljazeera.com/news/southasia/2014/02/pakistan-airstrikes-hit-tribal-areas-201422543128730317.html
http://www.aljazeera.com/news/asia/2014/01/pakistan-car-bombing-kills-shia-pilgrims-201411164239145555.html
http://www.aljazeera.com/news/americas/2013/08/20138102346141754.html
http://www.aljazeera.com/news/americas/2014/10/canada-joins-coalition-against-isil-20141082816815246.html
http://www.aljazeera.com/news/europe/2014/07/ukraine-urges-eu-get-tougher-russia-20147168172781673.html
http://www.aljazeera.com/news/middleeast/2014/05/israel-calls-un-recognition-yom-kippur-2014516221413930940.html
http://www.aljazeera.com/news/middleeast/2014/05/israel-accused-cracking-down-lawyers-2014512125258477247.html
http://www.aljazeera.com/news/middleeast/2014/05/lawyer-requests-medical-treatment-elshamy-2014511164835504271.html
http://www.aljazeera.com/news/americas/2014/05/st-louis-draft-first-openly-gay-nfl-player-201451144829971673.html
http://www.aljazeera.com/news/middleeast/2014/05/fatal-gunfight-near-yemen-presidential-palace-201459151452354741.html
http://www.aljazeera.com/news/africa/2014/05/deadly-bomb-attack-nigerian-capital-20145121135549681.html
http://www.aljazeera.com/news/middleeast/2014/05/morsi-supporters-clash-with-egyptian-police-201452174820517495.html
http://www.aljazeera.com/news/middleeast/2014/04/israeli-air-strikes-hit-hamas-targets-gaza-2014421123143769509.html
http://www.aljazeera.com/news/americas/2014/04/new-york-police-scrap-muslim-spy-programme-201441523384573106.html
http://www.aljazeera.com/news/asia/2014/04/pakistan-taliban-infighting-claims-lives-20144118384679283.html
http://www.aljazeera.com/news/africa/2014/04/un-3600-raped-drc-four-year-period-20144923542487129.html
http://www.aljazeera.com/news/americas/2014/04/hollywood-icon-mickey-rooney-dies-at-93-20144743321201764.html
http://www.aljazeera.com/news/asia-pacific/2014/03/new-zealand-vote-changing-national-flag-20143115248403238.html
http://www.aljazeera.com/news/europe/2013/12/thousands-rally-against-racism-sweden-20131222125034697362.html
http://www.aljazeera.com/news/americas/2013/09/201391613153627767.html
http://www.aljazeera.com/news/africa/2013/08/201385131329307259.html
http://www.aljazeera.com/news/americas/2013/07/2013711231456665347.html
http://www.aljazeera.com/news/americas/2014/11/us-shooter-bin-laden-identifies-himself-2014116235447171148.html
http://www.aljazeera.com/news/asia/2014/11/blast-hits-kabul-police-chief-headquarters-201411952033611890.html
http://www.aljazeera.com/news/americas/2014/11/mexico-shocked-suspected-students-massacre-2014118215044750288.html
http://www.aljazeera.com/news/middleeast/2014/11/palestinians-wall-apartheid-berlin-westbank-israel-20141198037736737.html
http://www.aljazeera.com/news/europe/2014/11/fighting-erupts-ukraine-rebel-bastion-20141193212550904.html
http://www.aljazeera.com/news/middleeast/2014/11/several-killed-attacks-across-iraq-20141181258205876.html
http://www.aljazeera.com/news/americas/2014/11/us-activist-faces-jail-feeding-homeless-201411844435503178.html
http://www.aljazeera.com/news/americas/2014/11/mexico-gang-suspects-confess-mass-killing-2014117222348528637.html
http://www.aljazeera.com/news/middleeast/2014/11/eu-foreign-chief-calls-palestinian-state-2014118102812932239.html
http://www.aljazeera.com/news/middleeast/2014/11/call-ease-saudi-women-driving-ban-2014118783043576.html
http://www.aljazeera.com/news/asia-pacific/2014/11/north-korea-frees-two-detained-us-citizens-2014118152458586114.html
http://www.aljazeera.com/news/middleeast/2014/11/iraqi-pm-welcomes-late-us-army-deployment-2014118181830465637.html
http://www.aljazeera.com/news/europe/2014/11/us-russia-find-common-ground-ukraine-201411816486962861.html
http://www.aljazeera.com/news/middleeast/2014/11/eroding-algerias-political-status-quo-201411391034544485.html
http://www.aljazeera.com/news/middleeast/2014/11/report-barrel-bombs-kill-20-syria-2014116233034442995.html
http://www.aljazeera.com/news/middleeast/2014/11/us-deploy-1500-additional-troops-iraq-2014117201747448497.html
http://www.aljazeera.com/news/europe/2014/11/ukraine-says-russia-sent-tanks-into-east-2014117125624410888.html
http://www.aljazeera.com/news/asia-pacific/2014/11/report-accuses-myanmar-generals-war-crimes-20141177143567931.html
http://www.aljazeera.com/news/asia/2014/11/indian-army-admits-killing-kashmir-teenagers-2014117105537895826.html
http://www.aljazeera.com/news/asia-pacific/2014/11/malaysian-transgenders-win-bid-cross-dress-201411782849892559.html
http://www.aljazeera.com/news/middleeast/2014/11/israel-pushing-religious-warfare-201411712126561877.html
http://www.aljazeera.com/news/americas/2014/11/mexicans-demand-safe-return-43-students-201411654447271373.html
http://www.aljazeera.com/news/europe/2014/11/belgium-protesters-clash-with-police-2014116161458540697.html
http://www.aljazeera.com/news/europe/2014/11/ukraine-sends-more-troops-east-20141142146355877.html
http://www.aljazeera.com/news/europe/2014/11/ukraine-reassess-accord-with-east-rebels-201411482555409616.html
http://www.aljazeera.com/news/asia/2014/11/pakistan-couple-killed-blasphemy-suspicion-201411422510874131.html
http://www.aljazeera.com/news/middleeast/2014/11/isil-fighters-make-gains-northern-iraq-2014114163756991143.html
http://www.aljazeera.com/news/middleeast/2014/11/far-right-mp-visits-jerusalem-al-aqsa-201411220232379142.html
http://www.aljazeera.com/news/asia/2014/10/some-100000-rohingya-now-fled-myanmar-2014102581531289651.html
http://www.aljazeera.com/news/middleeast/2014/10/how-serious-isil-threat-algeria-2014101661651220381.html
http://www.aljazeera.com/news/europe/2014/05/hollande-calls-eu-reduce-role-20145271645382831.html
http://www.aljazeera.com/indepth/features/2014/11/split-uk-opinion-over-poppy-hijabs-20141196523894487.html
http://www.aljazeera.com/indepth/features/2014/11/bangladeshi-migrants-italy-boat-economy-201411611232371682.html
http://www.aljazeera.com/indepth/features/2014/11/russian-march-draws-thousands-haters-2014114161437560714.html
http://www.aljazeera.com/indepth/features/2014/11/hindu-right-ideology-indian-textbooks-gujarat-20141147028501733.html
http://www.aljazeera.com/indepth/features/2014/11/ukraine-separatist-vote-stirs-up-tensions-201411315753377183.html
http://www.aljazeera.com/indepth/features/2014/11/japan-rich-muslim-past-present-2014112115633107534.html
http://www.aljazeera.com/indepth/features/2014/11/latino-concerns-us-midterm-elections-201411255044699762.html
http://www.aljazeera.com/indepth/features/2014/10/thirty-percent-world-food-wasted-2014103192739208584.html
http://www.aljazeera.com/indepth/features/2014/10/india-justice-30-years-congress-sikh-goldentemple-20141030142222751433.html
http://www.aljazeera.com/indepth/features/2014/10/sinai-no-answer-terrorism-2014102910333236197.html
http://www.aljazeera.com/indepth/features/2014/10/politics-at-play-bangladesh-war-trials-2014102953244138968.html
http://www.aljazeera.com/indepth/features/2014/10/ukraine-vote-view-from-war-torn-east-20141027172054185136.html
http://www.aljazeera.com/indepth/features/2014/10/down-out-upscale-japan-20141026510150823.html
http://www.aljazeera.com/indepth/features/2014/10/asian-elephant-sms-saving-indian-lives-201410226391849714.html
http://www.aljazeera.com/indepth/features/2014/10/gunning-down-taxmen-somalia-2014102052539346950.html
http://www.aljazeera.com/indepth/features/2014/10/disappearances-surge-bangladesh-20141019124512338962.html
http://www.aljazeera.com/indepth/features/2014/10/scotland-new-snp-leader-takes-reins-20141019104127571595.html
http://www.aljazeera.com/indepth/features/2014/10/philippines-abu-sayyaf-201410187641392234.html
http://www.aljazeera.com/indepth/interactive/2014/10/iphone-launches-india-andriod-20141016172919957810.html
http://www.aljazeera.com/indepth/features/2014/10/greek-hate-crimes-law-threat-free-speech-201410131171065931.html
http://www.aljazeera.com/indepth/features/2014/10/sri-lanka-grand-tourism-plan-faces-hurdles-2014109101850508325.html
http://www.aljazeera.com/news/europe/2014/09/ukraine-ceasefire-rebels-201495125410832691.html
http://www.aljazeera.com/news/americas/2014/08/obama-russia-doesn-make-anything-2014832205649336.html
http://www.aljazeera.com/news/europe/2014/07/britain-cuts-eu-migrants-access-welfare-201472823222811990.html
http://www.aljazeera.com/news/middleeast/2014/07/iran-nuclear-talks-may-go-beyond-deadline-20147151520441401.html
http://www.aljazeera.com/news/middleeast/2014/02/demonstrators-clash-with-police-bahrain-2014213113721326260.html
http://www.aljazeera.com/indepth/interactive/2014/10/isil-us-syria-airstrike-coalition-uae-saudi-2014101142731382476.html
http://www.aljazeera.com/indepth/interactive/2014/08/infographic-deadly-ebola-epidemic-west-africa-20148248162913356.html
http://www.aljazeera.com/indepth/features/2014/10/afghanistan-shooting-nimroz-iran-taliban-2014101471028888751.html
http://www.aljazeera.com/indepth/features/2014/10/jihad-war-romance-india-20141014923212607.html
http://www.aljazeera.com/indepth/features/2014/10/muslim-india-look-jews-kolkata-synagogues-2014101372153836885.html
http://www.aljazeera.com/indepth/features/2014/10/switzerland-bucks-eu-youth-unemployment-trend-201410791826348754.html
http://www.aljazeera.com/indepth/features/2014/10/villagers-bear-brunt-kashmir-shelling-2014101082322168762.html
http://www.aljazeera.com/indepth/features/2014/10/bangladesh-sex-workers-yearn-lost-home-kandapara-201410872753113242.html
http://www.aljazeera.com/indepth/features/2014/10/scorpion-hunters-pakistan-sindh-2014106135152297494.html
http://www.aljazeera.com/indepth/features/2014/10/afghan-women-daily-battle-taliban-abuse-201410593752479802.html
http://www.aljazeera.com/indepth/features/2014/10/eritrea-refugees-lampedusa-africa-migrants-2014102135056166549.html
http://www.aljazeera.com/indepth/features/2014/09/karachi-polio-vaccinators-crosshairs-2014930113016107468.html
http://www.aljazeera.com/indepth/features/2014/09/plight-europe-unwanted-migrants-2014923765398684.html
http://www.aljazeera.com/indepth/features/2014/09/after-wooing-diaspora-modi-meets-obama-201492910355640206.html
http://www.aljazeera.com/indepth/features/2014/09/us-activists-protest-against-modi-visit-2014926193430506158.html
http://www.aljazeera.com/indepth/features/2014/09/uncertainty-lingers-refugees-germany-201492611462476543.html
http://www.aljazeera.com/indepth/features/2014/09/india-sends-mixed-signals-climate-change-2014926202730167480.html
http://www.aljazeera.com/indepth/features/2014/09/cambodia-australia-sign-refugee-deal-nauru-suicide-teen-2014926124117550180.html
http://www.aljazeera.com/indepth/features/2014/09/japanese-right-targets-liberal-media-shinzo-abe-2014924105723376178.html
http://www.aljazeera.com/indepth/interactive/2014/09/india-mission-mars-orbiter-infographic-2014923164346339601.html
http://www.aljazeera.com/indepth/interactive/2014/09/interactive-china-uighur-unrest-201492282424478793.html
http://www.aljazeera.com/indepth/features/2014/09/canada-failing-investigate-murdered-women-201492281281161.html
http://www.aljazeera.com/indepth/features/2014/09/murder-mediterranean-high-seas-201492183913428968.html
http://www.aljazeera.com/indepth/interactive/2014/09/scotland-vote-blow-europe-separatists-20149211350132160.html
http://www.aljazeera.com/indepth/features/2014/09/what-next-wikileaks-2014920114147340558.html
http://www.aljazeera.com/indepth/interactive/2014/07/mapping-world-worst-ebola-epidemic-2014730134429708222.html
http://www.aljazeera.com/indepth/features/2014/09/anger-rife-kashmir-amid-slow-rescue-2014911111852495276.html
http://www.aljazeera.com/indepth/features/2014/09/where-accountability-gaza-children-20149973438619725.html
http://www.aljazeera.com/indepth/features/2014/09/scotland-borderers-no-independence-referendum-polls-201491014212313134.html
http://www.aljazeera.com/indepth/features/2014/09/brazil-destination-choice-africans-201493113721757775.html
http://www.aljazeera.com/indepth/features/2014/09/nato-russia-at-bay-putin-washington-europe-ukraine-20149361424226727.html
http://www.aljazeera.com/indepth/features/2014/09/australia-asylum-seeker-policy-dock-201491102441277735.html
http://www.aljazeera.com/indepth/interactive/2014/06/interactive-syria-lifeline-2014619125452612758.html
http://www.aljazeera.com/indepth/features/2014/08/hindu-holi-festival-shows-colours-uk-201482295351137251.html
http://www.aljazeera.com/indepth/features/2014/08/sri-lanka-economy-reliance-china-infrastructure-20148256345589851.html
http://www.aljazeera.com/indepth/features/2014/08/war-over-crimean-gold-proxy-ukraine-russia-amersterdam-201482392137799800.html
http://www.aljazeera.com/indepth/interactive/2014/08/decade-drones-201482053438553820.html
http://www.aljazeera.com/indepth/features/2014/08/watching-troubled-us-suburb-201482022942411399.html
http://www.aljazeera.com/indepth/features/2014/08/us-demands-release-jailed-american-teen-201481610054148632.html
http://www.aljazeera.com/indepth/features/2014/08/troubles-belie-northern-ireland-success-20148178155227514.html
http://www.aljazeera.com/indepth/features/2014/08/does-religion-role-bosnia-elections-20148168188413365.html
http://www.aljazeera.com/indepth/interactive/2014/06/map-isil-path-through-iraq-2014617135121336301.html
http://www.aljazeera.com/indepth/features/2014/08/storms-rage-over-filipino-forecaster-exodus-pagasa-20148611216601775.html
http://www.aljazeera.com/indepth/interactive/2014/08/gaza-nowhere-hide-20148516944492776.html
http://www.aljazeera.com/indepth/features/2014/07/oromo-nationalism-rise-ethiopia-201472981456841809.html
http://www.aljazeera.com/indepth/interactive/2014/07/israel-gaza-losing-latin-america-2014731111846443951.html
http://www.aljazeera.com/indepth/features/2014/07/north-korea-your-tourism-bucket-list-2014730150283423.html
http://www.aljazeera.com/indepth/features/2014/07/shia-pilgrims-flock-pakistan-sufi-shrine-201473175829740724.html
http://www.aljazeera.com/indepth/features/2014/07/riots-eid-sri-lanka-bbs-muslims-20147297574991656.html
http://www.aljazeera.com/indepth/features/2014/07/india-israel-gaza-crisis-palestine-hamas-bjp-2014727121259998483.html
http://www.aljazeera.com/indepth/features/2014/07/museum-honours-cuba-revolutionaries-201472515106187459.html
http://www.aljazeera.com/indepth/features/2014/07/italy-disappearing-migrants-2014714193539238141.html
http://www.aljazeera.com/indepth/features/2014/07/filipino-church-flexes-political-muscle-20147227452737931.html
http://www.aljazeera.com/indepth/features/2014/07/uk-muslim-charities-shift-focus-local-aid-20147229022190995.html
http://www.aljazeera.com/indepth/interactive/2014/07/freeajstaff-days-jailed-journalism-greste-fahmy-mohamed-b-20147166544671591.html
http://www.aljazeera.com/indepth/interactive/2014/07/cyprus-future-unity-division-20147198124976694.html
http://www.aljazeera.com/indepth/interactive/2014/07/interactive-gazaunderattack-2014712131821500360.html
http://www.aljazeera.com/indepth/features/2014/07/indonesia-election-religious-tensions-201478610125765.html
http://www.aljazeera.com/indepth/features/2014/07/sephardic-jews-hope-return-spain-201474114319211796.html
http://www.aljazeera.com/indepth/interactive/2014/07/infographic-legal-weed-consequences-201471135157843262.html
http://www.aljazeera.com/indepth/features/2014/06/could-uk-ban-forced-marriage-backfire-2014626115618169931.html
http://www.aljazeera.com/indepth/features/2014/06/ukraine-displaced-want-go-home-201462974444293904.html
http://www.aljazeera.com/indepth/interactive/2014/06/dark-side-italian-tomato-20146261186932592.html
http://www.aljazeera.com/indepth/features/2014/06/religious-minorities-join-waziristan-exodus-2014627103238937101.html
http://www.aljazeera.com/indepth/features/2014/06/france-does-headscarf-case-target-islam-201462581058575391.html
http://www.aljazeera.com/indepth/features/2014/06/kenya-backstreet-bleachedbeauty-trade-201462313468381417.html
http://www.aljazeera.com/indepth/features/2014/06/indonesia-what-left-left-2014622102330387359.html
http://www.aljazeera.com/indepth/features/2014/06/boko-haram-grasps-peace-nigeria-2014615113232422214.html
http://www.aljazeera.com/indepth/features/2014/06/denmark-first-mosque-opens-amid-controversy-2014620122224383831.html
http://www.aljazeera.com/indepth/features/2014/06/bosnia-returnees-still-burying-their-dead-2014616114810316420.html
http://www.aljazeera.com/indepth/features/2014/06/cantor-loss-unleashes-us-republican-divisions-201461395818163336.html
http://www.aljazeera.com/indepth/features/2014/06/african-migrants-climb-their-way-into-spain-201468133328621674.html
http://www.aljazeera.com/indepth/interactive/2014/06/interactive-egypt-lost-power-20146917177510294.html
http://www.aljazeera.com/indepth/features/2014/06/did-british-media-help-ukip-win-eu-poll-20146313346918679.html
http://www.aljazeera.com/indepth/features/2014/06/crime-among-sri-lanka-soldiers-rise-2014636328915708.html
http://www.aljazeera.com/indepth/features/2014/05/uk-asylum-seeker-claims-harrowing-deportation-2014531152337459254.html
http://www.aljazeera.com/indepth/interactive/2014/05/infographic-business-smoking-2014531103312595455.html
http://www.aljazeera.com/indepth/features/2014/05/courts-challenge-native-american-land-rights-201452593531175649.html
http://www.aljazeera.com/indepth/features/2014/05/how-should-hungarians-remember-world-war-ii-201452565251358783.html
http://www.aljazeera.com/indepth/features/2014/05/transgender-malaysians-await-court-decision-2014521105755129793.html
http://www.aljazeera.com/indepth/features/2014/05/ukraine-far-right-popular-propaganda-2014520121212590213.html
http://www.aljazeera.com/indepth/features/2014/05/how-gay-marriage-winning-america-20145683396325.html
http://www.aljazeera.com/indepth/features/2014/05/cambodia-australia-refugee-dumping-ground-201451513349894334.html
http://www.aljazeera.com/indepth/features/2014/05/oscar-pistorius-white-fear-factor-south-africa-2014512125441228972.html
http://www.aljazeera.com/indepth/features/2014/04/political-islam-rising-indonesia-201442913253417235.html
http://www.aljazeera.com/indepth/features/2014/05/kejriwal-modi-threat-india-secularism-201451116947756369.html
http://www.aljazeera.com/indepth/features/2014/05/iraq-oil-police-vs-rebel-saboteurs-20145781156534774.html
http://www.aljazeera.com/indepth/features/2014/05/spanish-town-kill-jews-votes-name-change-20145771832227449.html
http://www.aljazeera.com/indepth/features/2014/05/school-sex-assault-scandal-rocks-indonesia-20145692653215430.html
http://www.aljazeera.com/indepth/features/2014/05/ukraine-economy-choked-political-unrest-20145513919803862.html
http://www.aljazeera.com/indepth/features/2014/05/syrian-refugees-bulgaria-why-don-they-help-us-europe-migr-20145574312755269.html
http://www.aljazeera.com/indepth/features/2014/05/row-over-mainstreaming-india-tribes-2014513159104285.html
http://www.aljazeera.com/indepth/features/2014/05/tense-standoff-continues-eastern-ukraine-20145381518170194.html
http://www.aljazeera.com/indepth/features/2014/04/muslims-car-seleka-anti-balaka-201442764926967931.html
http://www.aljazeera.com/indepth/features/2014/04/tiananmen-museum-revives-ghosts-massacre-201442710224522272.html
http://www.aljazeera.com/indepth/features/2014/04/greece-pressures-germany-wwii-reparations-201442683740820822.html
http://www.aljazeera.com/indepth/features/2014/04/discrimination-india-schools-2014422123039276470.html
http://www.aljazeera.com/indepth/features/2014/04/pakistan-tighter-controls-madrassas-islamabad-201442064231355458.html
http://www.aljazeera.com/indepth/features/2014/04/uk-row-christian-values-food-banks-cameron-201442075222549798.html
http://www.aljazeera.com/indepth/features/2014/04/can-iran-convince-brain-drain-2014415115753960687.html
http://www.aljazeera.com/indepth/features/2014/04/filipino-eco-warriors-losing-battle-philippines-2014415125912780562.html
http://www.aljazeera.com/indepth/features/2014/04/uk-uses-health-workers-counter-terror-nhs-prevent-2014499261406691.html
http://www.aljazeera.com/indepth/features/2014/04/germany-refugees-seek-fair-treatment-berlin-oranienplatz-20144211253138114.html
http://www.aljazeera.com/indepth/features/2014/03/philippines-sues-china-over-sea-claims-nine-dashed-line--201433055112597830.html
http://www.aljazeera.com/indepth/features/2014/03/greece-child-abuse-rises-as-economy-falters-2014328134335710676.html
http://www.aljazeera.com/indepth/features/2014/03/singapore-small-state-big-arms-purchases-2014320922191312.html
http://www.aljazeera.com/indepth/interactive/2013/10/infographic-breaking-down-death-penalty-2013101011252327485.html
http://www.aljazeera.com/indepth/features/2014/03/revealing-tunisia-corruption-under-ben-ali-201432785825560542.html
http://www.aljazeera.com/indepth/features/2014/03/upsurge-palestinian-honour-killings-gaza-201432372831899701.html
http://www.aljazeera.com/indepth/features/2014/03/ukraine-activists-vow-fight-crimea-201431944342537210.html
http://www.aljazeera.com/indepth/features/2014/03/saudi-accepts-181-un-human-rights-proposals-2014318164746532558.html
http://www.aljazeera.com/indepth/features/2014/03/pakistan-thar-residents-living-edge-2014315121120904102.html
http://www.aljazeera.com/indepth/features/2014/03/can-madrassas-help-developing-countries-20143613421527815.html
http://www.aljazeera.com/indepth/features/2014/03/analysis-us-russia-relations-drop-new-low-2014367738365747.html
http://www.aljazeera.com/indepth/features/2014/02/surveilling-uk-muslims-cradle-grave-201422575943406757.html
http://www.aljazeera.com/indepth/features/2014/02/jordan-circassians-balk-at-sochi-olympics-201421972329112257.html
http://www.aljazeera.com/indepth/features/2014/02/suu-kyi-eclipsing-myanmar-peace-process-20142169443994675.html
http://www.aljazeera.com/indepth/features/2014/02/exploring-sweden-immigrant-city-201421513585513302.html
http://www.aljazeera.com/indepth/features/2014/02/children-rights-ignored-egypt-crackdown-2014215152226400760.html
http://www.aljazeera.com/indepth/2014/02/horrors-syria-prisons-arrive-at-geneva-201422153852586306.html
http://www.aljazeera.com/indepth/features/2013/09/acid-attacks-a-scar-india-2013927165429393354.html
http://www.aljazeera.com/indepth/features/2014/01/families-split-australia-migrant-centres-20141684231408575.html
http://www.aljazeera.com/indepth/features/2013/12/clone.of.uruguay-yes-cannabis-20131219104547530591.html
http://www.aljazeera.com/indepth/features/2013/12/calls-boycott-israel-grow-us-campuses-201312817225482671.html
http://www.aljazeera.com/indepth/features/2013/11/egypt-wave-painkiller-addiction-20131126175538579237.html
http://www.aljazeera.com/indepth/features/2013/10/palestinian-farmers-hungry-change-20131019131141244255.html
http://www.aljazeera.com/indepth/features/2013/09/all-women-travel-takes-off-india-2013922143140749561.html
http://www.aljazeera.com/indepth/interactive/2013/08/201383111193558894.html
http://www.aljazeera.com/indepth/features/2013/07/201372191920631195.html
